{"/Users/noahmarx/calpoly-map-app/backend/models/comment-services.js": {"path":"/Users/noahmarx/calpoly-map-app/backend/models/comment-services.js","statementMap":{"0":{"start":{"line":1,"column":17},"end":{"line":1,"column":36}},"1":{"start":{"line":2,"column":13},"end":{"line":2,"column":14}},"2":{"start":{"line":3,"column":22},"end":{"line":3,"column":42}},"3":{"start":{"line":4,"column":17},"end":{"line":4,"column":33}},"4":{"start":{"line":5,"column":15},"end":{"line":5,"column":65}},"5":{"start":{"line":9,"column":12},"end":{"line":9,"column":30}},"6":{"start":{"line":10,"column":0},"end":{"line":15,"column":40}},"7":{"start":{"line":15,"column":20},"end":{"line":15,"column":38}},"8":{"start":{"line":18,"column":2},"end":{"line":18,"column":26}},"9":{"start":{"line":22,"column":2},"end":{"line":43,"column":3}},"10":{"start":{"line":23,"column":4},"end":{"line":42,"column":5}},"11":{"start":{"line":24,"column":6},"end":{"line":36,"column":8}},"12":{"start":{"line":38,"column":6},"end":{"line":41,"column":9}},"13":{"start":{"line":44,"column":2},"end":{"line":44,"column":14}},"14":{"start":{"line":48,"column":2},"end":{"line":56,"column":3}},"15":{"start":{"line":49,"column":25},"end":{"line":49,"column":72}},"16":{"start":{"line":50,"column":25},"end":{"line":50,"column":56}},"17":{"start":{"line":51,"column":25},"end":{"line":51,"column":50}},"18":{"start":{"line":52,"column":4},"end":{"line":52,"column":24}},"19":{"start":{"line":54,"column":4},"end":{"line":54,"column":23}},"20":{"start":{"line":55,"column":4},"end":{"line":55,"column":17}},"21":{"start":{"line":61,"column":23},"end":{"line":61,"column":70}},"22":{"start":{"line":62,"column":2},"end":{"line":66,"column":3}},"23":{"start":{"line":63,"column":4},"end":{"line":63,"column":39}},"24":{"start":{"line":65,"column":4},"end":{"line":65,"column":46}},"25":{"start":{"line":67,"column":2},"end":{"line":67,"column":16}},"26":{"start":{"line":71,"column":2},"end":{"line":77,"column":3}},"27":{"start":{"line":72,"column":25},"end":{"line":72,"column":72}},"28":{"start":{"line":73,"column":4},"end":{"line":73,"column":43}},"29":{"start":{"line":75,"column":4},"end":{"line":75,"column":23}},"30":{"start":{"line":76,"column":4},"end":{"line":76,"column":21}},"31":{"start":{"line":81,"column":2},"end":{"line":87,"column":3}},"32":{"start":{"line":82,"column":25},"end":{"line":82,"column":72}},"33":{"start":{"line":83,"column":4},"end":{"line":83,"column":61}},"34":{"start":{"line":85,"column":4},"end":{"line":85,"column":23}},"35":{"start":{"line":86,"column":4},"end":{"line":86,"column":21}},"36":{"start":{"line":92,"column":2},"end":{"line":101,"column":3}},"37":{"start":{"line":93,"column":25},"end":{"line":93,"column":72}},"38":{"start":{"line":94,"column":4},"end":{"line":94,"column":45}},"39":{"start":{"line":95,"column":4},"end":{"line":95,"column":24}},"40":{"start":{"line":96,"column":4},"end":{"line":96,"column":24}},"41":{"start":{"line":97,"column":4},"end":{"line":97,"column":18}},"42":{"start":{"line":99,"column":4},"end":{"line":99,"column":23}},"43":{"start":{"line":100,"column":4},"end":{"line":100,"column":21}},"44":{"start":{"line":106,"column":2},"end":{"line":115,"column":3}},"45":{"start":{"line":107,"column":25},"end":{"line":107,"column":72}},"46":{"start":{"line":108,"column":4},"end":{"line":108,"column":45}},"47":{"start":{"line":109,"column":4},"end":{"line":109,"column":26}},"48":{"start":{"line":110,"column":4},"end":{"line":110,"column":24}},"49":{"start":{"line":111,"column":4},"end":{"line":111,"column":18}},"50":{"start":{"line":113,"column":4},"end":{"line":113,"column":23}},"51":{"start":{"line":114,"column":4},"end":{"line":114,"column":21}},"52":{"start":{"line":118,"column":0},"end":{"line":118,"column":32}},"53":{"start":{"line":119,"column":0},"end":{"line":119,"column":34}},"54":{"start":{"line":120,"column":0},"end":{"line":120,"column":38}},"55":{"start":{"line":121,"column":0},"end":{"line":121,"column":42}},"56":{"start":{"line":122,"column":0},"end":{"line":122,"column":38}},"57":{"start":{"line":123,"column":0},"end":{"line":123,"column":42}},"58":{"start":{"line":124,"column":0},"end":{"line":124,"column":38}}},"fnMap":{"0":{"name":"(anonymous_0)","decl":{"start":{"line":15,"column":9},"end":{"line":15,"column":10}},"loc":{"start":{"line":15,"column":20},"end":{"line":15,"column":38}},"line":15},"1":{"name":"setConnection","decl":{"start":{"line":17,"column":9},"end":{"line":17,"column":22}},"loc":{"start":{"line":17,"column":32},"end":{"line":19,"column":1}},"line":17},"2":{"name":"getConnection","decl":{"start":{"line":21,"column":9},"end":{"line":21,"column":22}},"loc":{"start":{"line":21,"column":25},"end":{"line":45,"column":1}},"line":21},"3":{"name":"addComment","decl":{"start":{"line":47,"column":15},"end":{"line":47,"column":25}},"loc":{"start":{"line":47,"column":35},"end":{"line":57,"column":1}},"line":47},"4":{"name":"getComments","decl":{"start":{"line":59,"column":15},"end":{"line":59,"column":26}},"loc":{"start":{"line":59,"column":38},"end":{"line":68,"column":1}},"line":59},"5":{"name":"findCommentById","decl":{"start":{"line":70,"column":15},"end":{"line":70,"column":30}},"loc":{"start":{"line":70,"column":35},"end":{"line":78,"column":1}},"line":70},"6":{"name":"removeComment","decl":{"start":{"line":80,"column":15},"end":{"line":80,"column":28}},"loc":{"start":{"line":80,"column":33},"end":{"line":88,"column":1}},"line":80},"7":{"name":"upvoteComment","decl":{"start":{"line":90,"column":15},"end":{"line":90,"column":28}},"loc":{"start":{"line":90,"column":33},"end":{"line":102,"column":1}},"line":90},"8":{"name":"downvoteComment","decl":{"start":{"line":104,"column":15},"end":{"line":104,"column":30}},"loc":{"start":{"line":104,"column":35},"end":{"line":116,"column":1}},"line":104}},"branchMap":{"0":{"loc":{"start":{"line":22,"column":2},"end":{"line":43,"column":3}},"type":"if","locations":[{"start":{"line":22,"column":2},"end":{"line":43,"column":3}},{"start":{},"end":{}}],"line":22},"1":{"loc":{"start":{"line":23,"column":4},"end":{"line":42,"column":5}},"type":"if","locations":[{"start":{"line":23,"column":4},"end":{"line":42,"column":5}},{"start":{"line":37,"column":11},"end":{"line":42,"column":5}}],"line":23},"2":{"loc":{"start":{"line":62,"column":2},"end":{"line":66,"column":3}},"type":"if","locations":[{"start":{"line":62,"column":2},"end":{"line":66,"column":3}},{"start":{"line":64,"column":9},"end":{"line":66,"column":3}}],"line":62}},"s":{"0":1,"1":1,"2":1,"3":1,"4":1,"5":1,"6":1,"7":0,"8":1,"9":19,"10":0,"11":0,"12":0,"13":19,"14":9,"15":9,"16":9,"17":9,"18":6,"19":3,"20":3,"21":1,"22":1,"23":1,"24":0,"25":1,"26":3,"27":3,"28":3,"29":1,"30":1,"31":2,"32":2,"33":2,"34":0,"35":0,"36":2,"37":2,"38":2,"39":2,"40":1,"41":1,"42":1,"43":1,"44":2,"45":2,"46":2,"47":2,"48":1,"49":1,"50":1,"51":1,"52":1,"53":1,"54":1,"55":1,"56":1,"57":1,"58":1},"f":{"0":0,"1":1,"2":19,"3":9,"4":1,"5":3,"6":2,"7":2,"8":2},"b":{"0":[0,19],"1":[0,0],"2":[1,0]},"_coverageSchema":"1a1c01bbd47fc00a2c39e90264f33305004495a9","hash":"080ae6f0d0e007bc9df370dfb0511eca8cba70f0"}
,"/Users/noahmarx/calpoly-map-app/backend/models/comment.js": {"path":"/Users/noahmarx/calpoly-map-app/backend/models/comment.js","statementMap":{"0":{"start":{"line":1,"column":17},"end":{"line":1,"column":36}},"1":{"start":{"line":3,"column":22},"end":{"line":19,"column":2}},"2":{"start":{"line":23,"column":0},"end":{"line":23,"column":31}}},"fnMap":{},"branchMap":{},"s":{"0":2,"1":2,"2":2},"f":{},"b":{},"_coverageSchema":"1a1c01bbd47fc00a2c39e90264f33305004495a9","hash":"a25d61365cc21e22f7d6d632ec3191c1c34b0280"}
,"/Users/noahmarx/calpoly-map-app/backend/models/pin-services.js": {"path":"/Users/noahmarx/calpoly-map-app/backend/models/pin-services.js","statementMap":{"0":{"start":{"line":1,"column":15},"end":{"line":1,"column":65}},"1":{"start":{"line":2,"column":17},"end":{"line":2,"column":36}},"2":{"start":{"line":3,"column":18},"end":{"line":3,"column":34}},"3":{"start":{"line":4,"column":22},"end":{"line":4,"column":42}},"4":{"start":{"line":6,"column":12},"end":{"line":6,"column":30}},"5":{"start":{"line":8,"column":0},"end":{"line":13,"column":40}},"6":{"start":{"line":13,"column":20},"end":{"line":13,"column":38}},"7":{"start":{"line":16,"column":2},"end":{"line":16,"column":26}},"8":{"start":{"line":20,"column":2},"end":{"line":41,"column":3}},"9":{"start":{"line":21,"column":4},"end":{"line":40,"column":5}},"10":{"start":{"line":22,"column":6},"end":{"line":34,"column":8}},"11":{"start":{"line":36,"column":6},"end":{"line":39,"column":9}},"12":{"start":{"line":42,"column":2},"end":{"line":42,"column":14}},"13":{"start":{"line":46,"column":2},"end":{"line":54,"column":3}},"14":{"start":{"line":47,"column":21},"end":{"line":47,"column":60}},"15":{"start":{"line":48,"column":21},"end":{"line":48,"column":38}},"16":{"start":{"line":49,"column":21},"end":{"line":49,"column":42}},"17":{"start":{"line":50,"column":4},"end":{"line":50,"column":20}},"18":{"start":{"line":52,"column":4},"end":{"line":52,"column":23}},"19":{"start":{"line":53,"column":4},"end":{"line":53,"column":17}},"20":{"start":{"line":59,"column":19},"end":{"line":59,"column":58}},"21":{"start":{"line":60,"column":2},"end":{"line":64,"column":3}},"22":{"start":{"line":61,"column":4},"end":{"line":61,"column":35}},"23":{"start":{"line":63,"column":4},"end":{"line":63,"column":45}},"24":{"start":{"line":65,"column":2},"end":{"line":65,"column":16}},"25":{"start":{"line":70,"column":19},"end":{"line":70,"column":58}},"26":{"start":{"line":71,"column":2},"end":{"line":76,"column":3}},"27":{"start":{"line":72,"column":4},"end":{"line":72,"column":35}},"28":{"start":{"line":74,"column":4},"end":{"line":74,"column":63}},"29":{"start":{"line":77,"column":2},"end":{"line":77,"column":16}},"30":{"start":{"line":81,"column":19},"end":{"line":81,"column":58}},"31":{"start":{"line":82,"column":2},"end":{"line":82,"column":53}},"32":{"start":{"line":86,"column":2},"end":{"line":92,"column":3}},"33":{"start":{"line":87,"column":21},"end":{"line":87,"column":60}},"34":{"start":{"line":88,"column":4},"end":{"line":88,"column":39}},"35":{"start":{"line":90,"column":4},"end":{"line":90,"column":23}},"36":{"start":{"line":91,"column":4},"end":{"line":91,"column":21}},"37":{"start":{"line":96,"column":19},"end":{"line":96,"column":58}},"38":{"start":{"line":97,"column":2},"end":{"line":97,"column":55}},"39":{"start":{"line":102,"column":2},"end":{"line":110,"column":3}},"40":{"start":{"line":103,"column":21},"end":{"line":103,"column":60}},"41":{"start":{"line":104,"column":4},"end":{"line":104,"column":41}},"42":{"start":{"line":105,"column":4},"end":{"line":105,"column":24}},"43":{"start":{"line":106,"column":4},"end":{"line":106,"column":24}},"44":{"start":{"line":108,"column":4},"end":{"line":108,"column":23}},"45":{"start":{"line":109,"column":4},"end":{"line":109,"column":21}},"46":{"start":{"line":111,"column":2},"end":{"line":111,"column":16}},"47":{"start":{"line":116,"column":2},"end":{"line":124,"column":3}},"48":{"start":{"line":117,"column":21},"end":{"line":117,"column":60}},"49":{"start":{"line":118,"column":4},"end":{"line":118,"column":41}},"50":{"start":{"line":119,"column":4},"end":{"line":119,"column":26}},"51":{"start":{"line":120,"column":4},"end":{"line":120,"column":24}},"52":{"start":{"line":122,"column":4},"end":{"line":122,"column":23}},"53":{"start":{"line":123,"column":4},"end":{"line":123,"column":21}},"54":{"start":{"line":125,"column":2},"end":{"line":125,"column":16}},"55":{"start":{"line":129,"column":12},"end":{"line":129,"column":36}},"56":{"start":{"line":130,"column":2},"end":{"line":140,"column":3}},"57":{"start":{"line":131,"column":25},"end":{"line":131,"column":72}},"58":{"start":{"line":132,"column":25},"end":{"line":132,"column":50}},"59":{"start":{"line":133,"column":25},"end":{"line":133,"column":50}},"60":{"start":{"line":134,"column":4},"end":{"line":134,"column":40}},"61":{"start":{"line":135,"column":4},"end":{"line":135,"column":21}},"62":{"start":{"line":136,"column":4},"end":{"line":136,"column":24}},"63":{"start":{"line":138,"column":4},"end":{"line":138,"column":23}},"64":{"start":{"line":139,"column":4},"end":{"line":139,"column":21}},"65":{"start":{"line":144,"column":12},"end":{"line":144,"column":36}},"66":{"start":{"line":145,"column":2},"end":{"line":152,"column":3}},"67":{"start":{"line":146,"column":4},"end":{"line":146,"column":33}},"68":{"start":{"line":147,"column":21},"end":{"line":147,"column":37}},"69":{"start":{"line":148,"column":4},"end":{"line":148,"column":20}},"70":{"start":{"line":150,"column":4},"end":{"line":150,"column":23}},"71":{"start":{"line":151,"column":4},"end":{"line":151,"column":21}},"72":{"start":{"line":157,"column":2},"end":{"line":164,"column":3}},"73":{"start":{"line":158,"column":21},"end":{"line":158,"column":60}},"74":{"start":{"line":159,"column":4},"end":{"line":159,"column":59}},"75":{"start":{"line":160,"column":4},"end":{"line":160,"column":24}},"76":{"start":{"line":162,"column":4},"end":{"line":162,"column":23}},"77":{"start":{"line":163,"column":4},"end":{"line":163,"column":21}},"78":{"start":{"line":169,"column":19},"end":{"line":169,"column":58}},"79":{"start":{"line":170,"column":2},"end":{"line":174,"column":3}},"80":{"start":{"line":171,"column":4},"end":{"line":171,"column":35}},"81":{"start":{"line":173,"column":4},"end":{"line":173,"column":55}},"82":{"start":{"line":175,"column":2},"end":{"line":175,"column":16}},"83":{"start":{"line":178,"column":0},"end":{"line":178,"column":38}},"84":{"start":{"line":179,"column":0},"end":{"line":179,"column":24}},"85":{"start":{"line":180,"column":0},"end":{"line":180,"column":26}},"86":{"start":{"line":181,"column":0},"end":{"line":181,"column":42}},"87":{"start":{"line":182,"column":0},"end":{"line":182,"column":30}},"88":{"start":{"line":183,"column":0},"end":{"line":183,"column":34}},"89":{"start":{"line":184,"column":0},"end":{"line":184,"column":46}},"90":{"start":{"line":185,"column":0},"end":{"line":185,"column":30}},"91":{"start":{"line":186,"column":0},"end":{"line":186,"column":34}},"92":{"start":{"line":187,"column":0},"end":{"line":187,"column":36}},"93":{"start":{"line":188,"column":0},"end":{"line":188,"column":42}},"94":{"start":{"line":189,"column":0},"end":{"line":189,"column":40}},"95":{"start":{"line":190,"column":0},"end":{"line":190,"column":52}}},"fnMap":{"0":{"name":"(anonymous_0)","decl":{"start":{"line":13,"column":9},"end":{"line":13,"column":10}},"loc":{"start":{"line":13,"column":20},"end":{"line":13,"column":38}},"line":13},"1":{"name":"setConnection","decl":{"start":{"line":15,"column":9},"end":{"line":15,"column":22}},"loc":{"start":{"line":15,"column":32},"end":{"line":17,"column":1}},"line":15},"2":{"name":"getConnection","decl":{"start":{"line":19,"column":9},"end":{"line":19,"column":22}},"loc":{"start":{"line":19,"column":25},"end":{"line":43,"column":1}},"line":19},"3":{"name":"addPin","decl":{"start":{"line":45,"column":15},"end":{"line":45,"column":21}},"loc":{"start":{"line":45,"column":27},"end":{"line":55,"column":1}},"line":45},"4":{"name":"getPins","decl":{"start":{"line":57,"column":15},"end":{"line":57,"column":22}},"loc":{"start":{"line":57,"column":33},"end":{"line":66,"column":1}},"line":57},"5":{"name":"findPinByLocation","decl":{"start":{"line":68,"column":15},"end":{"line":68,"column":32}},"loc":{"start":{"line":68,"column":40},"end":{"line":78,"column":1}},"line":68},"6":{"name":"findPinByCoords","decl":{"start":{"line":80,"column":15},"end":{"line":80,"column":30}},"loc":{"start":{"line":80,"column":41},"end":{"line":83,"column":1}},"line":80},"7":{"name":"findPinById","decl":{"start":{"line":85,"column":15},"end":{"line":85,"column":26}},"loc":{"start":{"line":85,"column":31},"end":{"line":93,"column":1}},"line":85},"8":{"name":"removePin","decl":{"start":{"line":95,"column":15},"end":{"line":95,"column":24}},"loc":{"start":{"line":95,"column":29},"end":{"line":98,"column":1}},"line":95},"9":{"name":"upvotePin","decl":{"start":{"line":100,"column":15},"end":{"line":100,"column":24}},"loc":{"start":{"line":100,"column":29},"end":{"line":112,"column":1}},"line":100},"10":{"name":"downvotePin","decl":{"start":{"line":114,"column":15},"end":{"line":114,"column":26}},"loc":{"start":{"line":114,"column":31},"end":{"line":126,"column":1}},"line":114},"11":{"name":"addCommentToPin","decl":{"start":{"line":128,"column":15},"end":{"line":128,"column":30}},"loc":{"start":{"line":128,"column":47},"end":{"line":141,"column":1}},"line":128},"12":{"name":"removeCommentFromPin","decl":{"start":{"line":143,"column":15},"end":{"line":143,"column":35}},"loc":{"start":{"line":143,"column":54},"end":{"line":153,"column":1}},"line":143},"13":{"name":"getPinComments","decl":{"start":{"line":155,"column":15},"end":{"line":155,"column":29}},"loc":{"start":{"line":155,"column":34},"end":{"line":165,"column":1}},"line":155},"14":{"name":"filterByType","decl":{"start":{"line":167,"column":15},"end":{"line":167,"column":27}},"loc":{"start":{"line":167,"column":37},"end":{"line":176,"column":1}},"line":167}},"branchMap":{"0":{"loc":{"start":{"line":20,"column":2},"end":{"line":41,"column":3}},"type":"if","locations":[{"start":{"line":20,"column":2},"end":{"line":41,"column":3}},{"start":{},"end":{}}],"line":20},"1":{"loc":{"start":{"line":21,"column":4},"end":{"line":40,"column":5}},"type":"if","locations":[{"start":{"line":21,"column":4},"end":{"line":40,"column":5}},{"start":{"line":35,"column":11},"end":{"line":40,"column":5}}],"line":21},"2":{"loc":{"start":{"line":60,"column":2},"end":{"line":64,"column":3}},"type":"if","locations":[{"start":{"line":60,"column":2},"end":{"line":64,"column":3}},{"start":{"line":62,"column":9},"end":{"line":64,"column":3}}],"line":60},"3":{"loc":{"start":{"line":60,"column":6},"end":{"line":60,"column":44}},"type":"binary-expr","locations":[{"start":{"line":60,"column":6},"end":{"line":60,"column":23}},{"start":{"line":60,"column":27},"end":{"line":60,"column":44}}],"line":60},"4":{"loc":{"start":{"line":71,"column":2},"end":{"line":76,"column":3}},"type":"if","locations":[{"start":{"line":71,"column":2},"end":{"line":76,"column":3}},{"start":{"line":73,"column":9},"end":{"line":76,"column":3}}],"line":71},"5":{"loc":{"start":{"line":170,"column":2},"end":{"line":174,"column":3}},"type":"if","locations":[{"start":{"line":170,"column":2},"end":{"line":174,"column":3}},{"start":{"line":172,"column":9},"end":{"line":174,"column":3}}],"line":170}},"s":{"0":1,"1":1,"2":1,"3":1,"4":1,"5":1,"6":0,"7":1,"8":30,"9":0,"10":0,"11":0,"12":30,"13":6,"14":6,"15":6,"16":6,"17":4,"18":2,"19":2,"20":3,"21":3,"22":1,"23":2,"24":3,"25":2,"26":2,"27":0,"28":2,"29":2,"30":2,"31":2,"32":7,"33":7,"34":7,"35":1,"36":1,"37":2,"38":2,"39":1,"40":1,"41":1,"42":1,"43":1,"44":0,"45":0,"46":1,"47":1,"48":1,"49":1,"50":1,"51":1,"52":0,"53":0,"54":1,"55":3,"56":3,"57":3,"58":3,"59":3,"60":3,"61":3,"62":3,"63":0,"64":0,"65":1,"66":1,"67":1,"68":1,"69":1,"70":0,"71":0,"72":1,"73":1,"74":1,"75":1,"76":0,"77":0,"78":2,"79":2,"80":0,"81":2,"82":2,"83":1,"84":1,"85":1,"86":1,"87":1,"88":1,"89":1,"90":1,"91":1,"92":1,"93":1,"94":1,"95":1},"f":{"0":0,"1":1,"2":30,"3":6,"4":3,"5":2,"6":2,"7":7,"8":2,"9":1,"10":1,"11":3,"12":1,"13":1,"14":2},"b":{"0":[0,30],"1":[0,0],"2":[1,2],"3":[3,2],"4":[0,2],"5":[0,2]},"_coverageSchema":"1a1c01bbd47fc00a2c39e90264f33305004495a9","hash":"ed0b82ae3738586b1f1d3768207a7918a8662fe5"}
,"/Users/noahmarx/calpoly-map-app/backend/models/pin.js": {"path":"/Users/noahmarx/calpoly-map-app/backend/models/pin.js","statementMap":{"0":{"start":{"line":1,"column":17},"end":{"line":1,"column":36}},"1":{"start":{"line":3,"column":18},"end":{"line":52,"column":2}},"2":{"start":{"line":54,"column":0},"end":{"line":54,"column":27}}},"fnMap":{},"branchMap":{},"s":{"0":2,"1":2,"2":2},"f":{},"b":{},"_coverageSchema":"1a1c01bbd47fc00a2c39e90264f33305004495a9","hash":"30be31b6ab702de2366b3471af098966d2472475"}
}
