TN:
SF:models/comment-services.js
FN:15,(anonymous_0)
FN:17,setConnection
FN:21,getConnection
FN:47,addComment
FN:59,getComments
FN:70,findCommentById
FN:80,removeComment
FN:90,upvoteComment
FN:104,downvoteComment
FNF:9
FNH:8
FNDA:0,(anonymous_0)
FNDA:1,setConnection
FNDA:19,getConnection
FNDA:9,addComment
FNDA:1,getComments
FNDA:3,findCommentById
FNDA:2,removeComment
FNDA:2,upvoteComment
FNDA:2,downvoteComment
DA:1,1
DA:2,1
DA:3,1
DA:4,1
DA:5,1
DA:9,1
DA:10,1
DA:15,0
DA:18,1
DA:22,19
DA:23,0
DA:24,0
DA:38,0
DA:44,19
DA:48,9
DA:49,9
DA:50,9
DA:51,0
DA:52,0
DA:54,9
DA:55,9
DA:61,1
DA:62,1
DA:63,1
DA:65,0
DA:67,1
DA:71,3
DA:72,3
DA:73,3
DA:75,1
DA:76,1
DA:81,2
DA:82,2
DA:83,2
DA:85,0
DA:86,0
DA:92,2
DA:93,2
DA:94,2
DA:95,2
DA:96,0
DA:98,2
DA:99,2
DA:101,0
DA:106,2
DA:107,2
DA:108,2
DA:109,2
DA:110,0
DA:112,2
DA:113,2
DA:115,0
DA:118,1
DA:119,1
DA:120,1
DA:121,1
DA:122,1
DA:123,1
DA:124,1
LF:59
LH:46
BRDA:22,0,0,0
BRDA:22,0,1,19
BRDA:23,1,0,0
BRDA:23,1,1,0
BRDA:62,2,0,1
BRDA:62,2,1,0
BRF:6
BRH:2
end_of_record
TN:
SF:models/comment.js
FNF:0
FNH:0
DA:1,2
DA:3,2
DA:23,2
LF:3
LH:3
BRF:0
BRH:0
end_of_record
TN:
SF:models/pin-services.js
FN:13,(anonymous_0)
FN:15,setConnection
FN:19,getConnection
FN:45,addPin
FN:57,getPins
FN:68,findPinByLocation
FN:80,findPinByCoords
FN:85,findPinById
FN:95,removePin
FN:100,upvotePin
FN:114,downvotePin
FN:128,addCommentToPin
FN:143,removeCommentFromPin
FN:155,getPinComments
FN:167,filterByType
FNF:15
FNH:12
FNDA:0,(anonymous_0)
FNDA:1,setConnection
FNDA:22,getConnection
FNDA:4,addPin
FNDA:3,getPins
FNDA:2,findPinByLocation
FNDA:2,findPinByCoords
FNDA:4,findPinById
FNDA:2,removePin
FNDA:1,upvotePin
FNDA:1,downvotePin
FNDA:1,addCommentToPin
FNDA:0,removeCommentFromPin
FNDA:0,getPinComments
FNDA:2,filterByType
DA:1,1
DA:2,1
DA:3,1
DA:4,1
DA:6,1
DA:8,1
DA:13,0
DA:16,1
DA:20,22
DA:21,0
DA:22,0
DA:36,0
DA:42,22
DA:46,4
DA:47,4
DA:48,4
DA:49,4
DA:50,2
DA:52,2
DA:53,2
DA:59,3
DA:60,3
DA:61,1
DA:63,2
DA:65,3
DA:70,2
DA:71,2
DA:72,0
DA:74,2
DA:77,2
DA:81,2
DA:82,2
DA:86,4
DA:87,4
DA:88,4
DA:90,1
DA:91,1
DA:96,2
DA:97,2
DA:102,1
DA:103,1
DA:104,1
DA:105,1
DA:106,1
DA:108,0
DA:109,0
DA:111,1
DA:116,1
DA:117,1
DA:118,1
DA:119,1
DA:120,1
DA:122,0
DA:123,0
DA:125,1
DA:129,1
DA:130,1
DA:131,1
DA:132,1
DA:133,1
DA:134,1
DA:135,1
DA:136,1
DA:138,0
DA:139,0
DA:144,0
DA:145,0
DA:146,0
DA:147,0
DA:148,0
DA:150,0
DA:151,0
DA:157,0
DA:158,0
DA:159,0
DA:160,0
DA:162,0
DA:163,0
DA:169,2
DA:170,2
DA:171,0
DA:173,2
DA:175,2
DA:178,1
DA:179,1
DA:180,1
DA:181,1
DA:182,1
DA:183,1
DA:184,1
DA:185,1
DA:186,1
DA:187,1
DA:188,1
DA:189,1
DA:190,1
LF:96
LH:71
BRDA:20,0,0,0
BRDA:20,0,1,22
BRDA:21,1,0,0
BRDA:21,1,1,0
BRDA:60,2,0,1
BRDA:60,2,1,2
BRDA:60,3,0,3
BRDA:60,3,1,2
BRDA:71,4,0,0
BRDA:71,4,1,2
BRDA:170,5,0,0
BRDA:170,5,1,2
BRF:12
BRH:7
end_of_record
TN:
SF:models/pin.js
FNF:0
FNH:0
DA:1,2
DA:3,2
DA:54,2
LF:3
LH:3
BRF:0
BRH:0
end_of_record
